# JRE version: Java(TM) SE Runtime Environment (8.0_231-b11) (build 1.8.0_231-b11)
# Java VM: Java HotSpot(TM) 64-Bit Server VM (25.231-b11 mixed mode windows-amd64 compressed oops)
Heap:
 PSYoungGen      total 71680K, used 50776K [0x00000000d5d80000, 0x00000000da880000, 0x0000000100000000)
  eden space 66560K, 76% used [0x00000000d5d80000,0x00000000d8f16340,0x00000000d9e80000)
  from space 5120K, 0% used [0x00000000da380000,0x00000000da380000,0x00000000da880000)
  to   space 5120K, 0% used [0x00000000d9e80000,0x00000000d9e80000,0x00000000da380000)
 ParOldGen       total 71168K, used 13597K [0x0000000081800000, 0x0000000085d80000, 0x00000000d5d80000)
  object space 71168K, 19% used [0x0000000081800000,0x00000000825476d0,0x0000000085d80000)
 Metaspace       used 22876K, capacity 23502K, committed 23680K, reserved 1071104K
  class space    used 2709K, capacity 2892K, committed 2944K, reserved 1048576K
GC Heap History (10 events):
Event: 2.393 GC heap before
{Heap before GC invocations=3 (full 0):
 PSYoungGen      total 38400K, used 38399K [0x00000000d5d80000, 0x00000000da880000, 0x0000000100000000)
  eden space 33280K, 100% used [0x00000000d5d80000,0x00000000d7e00000,0x00000000d7e00000)
  from space 5120K, 99% used [0x00000000d8300000,0x00000000d87fffe0,0x00000000d8800000)
  to   space 5120K, 0% used [0x00000000d7e00000,0x00000000d7e00000,0x00000000d8300000)
 ParOldGen       total 87552K, used 2244K [0x0000000081800000, 0x0000000086d80000, 0x00000000d5d80000)
  object space 87552K, 2% used [0x0000000081800000,0x0000000081a310f8,0x0000000086d80000)
 Metaspace       used 15050K, capacity 15376K, committed 15616K, reserved 1062912K
  class space    used 1836K, capacity 1980K, committed 2048K, reserved 1048576K
Event: 2.404 GC heap after
Heap after GC invocations=3 (full 0):
 PSYoungGen      total 38400K, used 5088K [0x00000000d5d80000, 0x00000000da880000, 0x0000000100000000)
  eden space 33280K, 0% used [0x00000000d5d80000,0x00000000d5d80000,0x00000000d7e00000)
  from space 5120K, 99% used [0x00000000d7e00000,0x00000000d82f8040,0x00000000d8300000)
  to   space 5120K, 0% used [0x00000000da380000,0x00000000da380000,0x00000000da880000)
 ParOldGen       total 87552K, used 5368K [0x0000000081800000, 0x0000000086d80000, 0x00000000d5d80000)
  object space 87552K, 6% used [0x0000000081800000,0x0000000081d3e1b0,0x0000000086d80000)
 Metaspace       used 15050K, capacity 15376K, committed 15616K, reserved 1062912K
  class space    used 1836K, capacity 1980K, committed 2048K, reserved 1048576K
}
Event: 2.859 GC heap before
{Heap before GC invocations=4 (full 0):
 PSYoungGen      total 38400K, used 38368K [0x00000000d5d80000, 0x00000000da880000, 0x0000000100000000)
  eden space 33280K, 100% used [0x00000000d5d80000,0x00000000d7e00000,0x00000000d7e00000)
  from space 5120K, 99% used [0x00000000d7e00000,0x00000000d82f8040,0x00000000d8300000)
  to   space 5120K, 0% used [0x00000000da380000,0x00000000da380000,0x00000000da880000)
 ParOldGen       total 87552K, used 5368K [0x0000000081800000, 0x0000000086d80000, 0x00000000d5d80000)
  object space 87552K, 6% used [0x0000000081800000,0x0000000081d3e1b0,0x0000000086d80000)
 Metaspace       used 15608K, capacity 15938K, committed 16128K, reserved 1062912K
  class space    used 1876K, capacity 2015K, committed 2048K, reserved 1048576K
Event: 2.877 GC heap after
Heap after GC invocations=4 (full 0):
 PSYoungGen      total 71680K, used 5104K [0x00000000d5d80000, 0x00000000da880000, 0x0000000100000000)
  eden space 66560K, 0% used [0x00000000d5d80000,0x00000000d5d80000,0x00000000d9e80000)
  from space 5120K, 99% used [0x00000000da380000,0x00000000da87c030,0x00000000da880000)
  to   space 5120K, 0% used [0x00000000d9e80000,0x00000000d9e80000,0x00000000da380000)
 ParOldGen       total 87552K, used 9617K [0x0000000081800000, 0x0000000086d80000, 0x00000000d5d80000)
  object space 87552K, 10% used [0x0000000081800000,0x0000000082164698,0x0000000086d80000)
 Metaspace       used 15608K, capacity 15938K, committed 16128K, reserved 1062912K
  class space    used 1876K, capacity 2015K, committed 2048K, reserved 1048576K
}
Event: 4.083 GC heap before
{Heap before GC invocations=5 (full 0):
 PSYoungGen      total 71680K, used 71664K [0x00000000d5d80000, 0x00000000da880000, 0x0000000100000000)
  eden space 66560K, 100% used [0x00000000d5d80000,0x00000000d9e80000,0x00000000d9e80000)
  from space 5120K, 99% used [0x00000000da380000,0x00000000da87c030,0x00000000da880000)
  to   space 5120K, 0% used [0x00000000d9e80000,0x00000000d9e80000,0x00000000da380000)
 ParOldGen       total 87552K, used 9617K [0x0000000081800000, 0x0000000086d80000, 0x00000000d5d80000)
  object space 87552K, 10% used [0x0000000081800000,0x0000000082164698,0x0000000086d80000)
 Metaspace       used 18505K, capacity 18998K, committed 19200K, reserved 1067008K
  class space    used 2145K, capacity 2304K, committed 2304K, reserved 1048576K
Event: 4.113 GC heap after
Heap after GC invocations=5 (full 0):
 PSYoungGen      total 71680K, used 5088K [0x00000000d5d80000, 0x00000000da880000, 0x0000000100000000)
  eden space 66560K, 0% used [0x00000000d5d80000,0x00000000d5d80000,0x00000000d9e80000)
  from space 5120K, 99% used [0x00000000d9e80000,0x00000000da378040,0x00000000da380000)
  to   space 5120K, 0% used [0x00000000da380000,0x00000000da380000,0x00000000da880000)
 ParOldGen       total 87552K, used 14498K [0x0000000081800000, 0x0000000086d80000, 0x00000000d5d80000)
  object space 87552K, 16% used [0x0000000081800000,0x0000000082628bd8,0x0000000086d80000)
 Metaspace       used 18505K, capacity 18998K, committed 19200K, reserved 1067008K
  class space    used 2145K, capacity 2304K, committed 2304K, reserved 1048576K
}
Event: 4.519 GC heap before
{Heap before GC invocations=6 (full 0):
 PSYoungGen      total 71680K, used 14641K [0x00000000d5d80000, 0x00000000da880000, 0x0000000100000000)
  eden space 66560K, 14% used [0x00000000d5d80000,0x00000000d66d46f0,0x00000000d9e80000)
  from space 5120K, 99% used [0x00000000d9e80000,0x00000000da378040,0x00000000da380000)
  to   space 5120K, 0% used [0x00000000da380000,0x00000000da380000,0x00000000da880000)
 ParOldGen       total 87552K, used 14498K [0x0000000081800000, 0x0000000086d80000, 0x00000000d5d80000)
  object space 87552K, 16% used [0x0000000081800000,0x0000000082628bd8,0x0000000086d80000)
 Metaspace       used 20526K, capacity 21134K, committed 21296K, reserved 1069056K
  class space    used 2420K, capacity 2636K, committed 2688K, reserved 1048576K
Event: 4.536 GC heap after
Heap after GC invocations=6 (full 0):
 PSYoungGen      total 71680K, used 5088K [0x00000000d5d80000, 0x00000000da880000, 0x0000000100000000)
  eden space 66560K, 0% used [0x00000000d5d80000,0x00000000d5d80000,0x00000000d9e80000)
  from space 5120K, 99% used [0x00000000da380000,0x00000000da878040,0x00000000da880000)
  to   space 5120K, 0% used [0x00000000d9e80000,0x00000000d9e80000,0x00000000da380000)
 ParOldGen       total 87552K, used 15896K [0x0000000081800000, 0x0000000086d80000, 0x00000000d5d80000)
  object space 87552K, 18% used [0x0000000081800000,0x00000000827863a8,0x0000000086d80000)
 Metaspace       used 20526K, capacity 21134K, committed 21296K, reserved 1069056K
  class space    used 2420K, capacity 2636K, committed 2688K, reserved 1048576K
}
Event: 4.536 GC heap before
{Heap before GC invocations=7 (full 1):
 PSYoungGen      total 71680K, used 5088K [0x00000000d5d80000, 0x00000000da880000, 0x0000000100000000)
  eden space 66560K, 0% used [0x00000000d5d80000,0x00000000d5d80000,0x00000000d9e80000)
  from space 5120K, 99% used [0x00000000da380000,0x00000000da878040,0x00000000da880000)
  to   space 5120K, 0% used [0x00000000d9e80000,0x00000000d9e80000,0x00000000da380000)
 ParOldGen       total 87552K, used 15896K [0x0000000081800000, 0x0000000086d80000, 0x00000000d5d80000)
  object space 87552K, 18% used [0x0000000081800000,0x00000000827863a8,0x0000000086d80000)
 Metaspace       used 20526K, capacity 21134K, committed 21296K, reserved 1069056K
  class space    used 2420K, capacity 2636K, committed 2688K, reserved 1048576K
Event: 4.661 GC heap after
Heap after GC invocations=7 (full 1):
 PSYoungGen      total 71680K, used 0K [0x00000000d5d80000, 0x00000000da880000, 0x0000000100000000)
  eden space 66560K, 0% used [0x00000000d5d80000,0x00000000d5d80000,0x00000000d9e80000)
  from space 5120K, 0% used [0x00000000da380000,0x00000000da380000,0x00000000da880000)
  to   space 5120K, 0% used [0x00000000d9e80000,0x00000000d9e80000,0x00000000da380000)
 ParOldGen       total 71168K, used 13597K [0x0000000081800000, 0x0000000085d80000, 0x00000000d5d80000)
  object space 71168K, 19% used [0x0000000081800000,0x00000000825476d0,0x0000000085d80000)
 Metaspace       used 20526K, capacity 21134K, committed 21296K, reserved 1069056K
  class space    used 2420K, capacity 2636K, committed 2688K, reserved 1048576K
}

