# JRE version: Java(TM) SE Runtime Environment (8.0_231-b11) (build 1.8.0_231-b11)
# Java VM: Java HotSpot(TM) 64-Bit Server VM (25.231-b11 mixed mode windows-amd64 compressed oops)
Heap:
 PSYoungGen      total 164352K, used 13758K [0x00000000d5d80000, 0x00000000e0e00000, 0x0000000100000000)
  eden space 154112K, 8% used [0x00000000d5d80000,0x00000000d6aef9a8,0x00000000df400000)
  from space 10240K, 0% used [0x00000000dfe00000,0x00000000dfe00000,0x00000000e0800000)
  to   space 10240K, 0% used [0x00000000df400000,0x00000000df400000,0x00000000dfe00000)
 ParOldGen       total 58880K, used 12406K [0x0000000081800000, 0x0000000085180000, 0x00000000d5d80000)
  object space 58880K, 21% used [0x0000000081800000,0x000000008241db48,0x0000000085180000)
 Metaspace       used 34367K, capacity 36776K, committed 36864K, reserved 1081344K
  class space    used 4675K, capacity 5103K, committed 5120K, reserved 1048576K
GC Heap History (10 events):
Event: 4.289 GC heap before
{Heap before GC invocations=6 (full 1):
 PSYoungGen      total 71680K, used 66528K [0x00000000d5d80000, 0x00000000da880000, 0x0000000100000000)
  eden space 66560K, 99% used [0x00000000d5d80000,0x00000000d9e780b0,0x00000000d9e80000)
  from space 5120K, 0% used [0x00000000da380000,0x00000000da380000,0x00000000da880000)
  to   space 5120K, 0% used [0x00000000d9e80000,0x00000000d9e80000,0x00000000da380000)
 ParOldGen       total 58880K, used 7438K [0x0000000081800000, 0x0000000085180000, 0x00000000d5d80000)
  object space 58880K, 12% used [0x0000000081800000,0x0000000081f43848,0x0000000085180000)
 Metaspace       used 23509K, capacity 25120K, committed 25216K, reserved 1071104K
  class space    used 3060K, capacity 3386K, committed 3456K, reserved 1048576K
Event: 4.296 GC heap after
Heap after GC invocations=6 (full 1):
 PSYoungGen      total 71680K, used 5110K [0x00000000d5d80000, 0x00000000dd200000, 0x0000000100000000)
  eden space 66560K, 0% used [0x00000000d5d80000,0x00000000d5d80000,0x00000000d9e80000)
  from space 5120K, 99% used [0x00000000d9e80000,0x00000000da37d898,0x00000000da380000)
  to   space 8192K, 0% used [0x00000000dca00000,0x00000000dca00000,0x00000000dd200000)
 ParOldGen       total 58880K, used 7865K [0x0000000081800000, 0x0000000085180000, 0x00000000d5d80000)
  object space 58880K, 13% used [0x0000000081800000,0x0000000081fae650,0x0000000085180000)
 Metaspace       used 23509K, capacity 25120K, committed 25216K, reserved 1071104K
  class space    used 3060K, capacity 3386K, committed 3456K, reserved 1048576K
}
Event: 5.247 GC heap before
{Heap before GC invocations=7 (full 1):
 PSYoungGen      total 71680K, used 71670K [0x00000000d5d80000, 0x00000000dd200000, 0x0000000100000000)
  eden space 66560K, 100% used [0x00000000d5d80000,0x00000000d9e80000,0x00000000d9e80000)
  from space 5120K, 99% used [0x00000000d9e80000,0x00000000da37d898,0x00000000da380000)
  to   space 8192K, 0% used [0x00000000dca00000,0x00000000dca00000,0x00000000dd200000)
 ParOldGen       total 58880K, used 7865K [0x0000000081800000, 0x0000000085180000, 0x00000000d5d80000)
  object space 58880K, 13% used [0x0000000081800000,0x0000000081fae650,0x0000000085180000)
 Metaspace       used 25619K, capacity 27338K, committed 27520K, reserved 1073152K
  class space    used 3336K, capacity 3675K, committed 3712K, reserved 1048576K
Event: 5.257 GC heap after
Heap after GC invocations=7 (full 1):
 PSYoungGen      total 106496K, used 5392K [0x00000000d5d80000, 0x00000000dcf80000, 0x0000000100000000)
  eden space 100864K, 0% used [0x00000000d5d80000,0x00000000d5d80000,0x00000000dc000000)
  from space 5632K, 95% used [0x00000000dca00000,0x00000000dcf440b0,0x00000000dcf80000)
  to   space 7680K, 0% used [0x00000000dc080000,0x00000000dc080000,0x00000000dc800000)
 ParOldGen       total 58880K, used 7873K [0x0000000081800000, 0x0000000085180000, 0x00000000d5d80000)
  object space 58880K, 13% used [0x0000000081800000,0x0000000081fb0650,0x0000000085180000)
 Metaspace       used 25619K, capacity 27338K, committed 27520K, reserved 1073152K
  class space    used 3336K, capacity 3675K, committed 3712K, reserved 1048576K
}
Event: 7.479 GC heap before
{Heap before GC invocations=8 (full 1):
 PSYoungGen      total 106496K, used 106256K [0x00000000d5d80000, 0x00000000dcf80000, 0x0000000100000000)
  eden space 100864K, 100% used [0x00000000d5d80000,0x00000000dc000000,0x00000000dc000000)
  from space 5632K, 95% used [0x00000000dca00000,0x00000000dcf440b0,0x00000000dcf80000)
  to   space 7680K, 0% used [0x00000000dc080000,0x00000000dc080000,0x00000000dc800000)
 ParOldGen       total 58880K, used 7873K [0x0000000081800000, 0x0000000085180000, 0x00000000d5d80000)
  object space 58880K, 13% used [0x0000000081800000,0x0000000081fb0650,0x0000000085180000)
 Metaspace       used 31506K, capacity 33786K, committed 33920K, reserved 1079296K
  class space    used 4229K, capacity 4661K, committed 4736K, reserved 1048576K
Event: 7.515 GC heap after
Heap after GC invocations=8 (full 1):
 PSYoungGen      total 109056K, used 7659K [0x00000000d5d80000, 0x00000000e0800000, 0x0000000100000000)
  eden space 101376K, 0% used [0x00000000d5d80000,0x00000000d5d80000,0x00000000dc080000)
  from space 7680K, 99% used [0x00000000dc080000,0x00000000dc7faed8,0x00000000dc800000)
  to   space 10240K, 0% used [0x00000000dfe00000,0x00000000dfe00000,0x00000000e0800000)
 ParOldGen       total 58880K, used 11225K [0x0000000081800000, 0x0000000085180000, 0x00000000d5d80000)
  object space 58880K, 19% used [0x0000000081800000,0x00000000822f6428,0x0000000085180000)
 Metaspace       used 31506K, capacity 33786K, committed 33920K, reserved 1079296K
  class space    used 4229K, capacity 4661K, committed 4736K, reserved 1048576K
}
Event: 7.985 GC heap before
{Heap before GC invocations=9 (full 1):
 PSYoungGen      total 109056K, used 20511K [0x00000000d5d80000, 0x00000000e0800000, 0x0000000100000000)
  eden space 101376K, 12% used [0x00000000d5d80000,0x00000000d6a0ce40,0x00000000dc080000)
  from space 7680K, 99% used [0x00000000dc080000,0x00000000dc7faed8,0x00000000dc800000)
  to   space 10240K, 0% used [0x00000000dfe00000,0x00000000dfe00000,0x00000000e0800000)
 ParOldGen       total 58880K, used 11225K [0x0000000081800000, 0x0000000085180000, 0x00000000d5d80000)
  object space 58880K, 19% used [0x0000000081800000,0x00000000822f6428,0x0000000085180000)
 Metaspace       used 33244K, capacity 35466K, committed 35496K, reserved 1079296K
  class space    used 4437K, capacity 4857K, committed 4864K, reserved 1048576K
Event: 7.999 GC heap after
Heap after GC invocations=9 (full 1):
 PSYoungGen      total 164352K, used 7974K [0x00000000d5d80000, 0x00000000e0e00000, 0x0000000100000000)
  eden space 154112K, 0% used [0x00000000d5d80000,0x00000000d5d80000,0x00000000df400000)
  from space 10240K, 77% used [0x00000000dfe00000,0x00000000e05c9950,0x00000000e0800000)
  to   space 10240K, 0% used [0x00000000df400000,0x00000000df400000,0x00000000dfe00000)
 ParOldGen       total 58880K, used 11233K [0x0000000081800000, 0x0000000085180000, 0x00000000d5d80000)
  object space 58880K, 19% used [0x0000000081800000,0x00000000822f8428,0x0000000085180000)
 Metaspace       used 33244K, capacity 35466K, committed 35496K, reserved 1079296K
  class space    used 4437K, capacity 4857K, committed 4864K, reserved 1048576K
}
Event: 7.999 GC heap before
{Heap before GC invocations=10 (full 2):
 PSYoungGen      total 164352K, used 7974K [0x00000000d5d80000, 0x00000000e0e00000, 0x0000000100000000)
  eden space 154112K, 0% used [0x00000000d5d80000,0x00000000d5d80000,0x00000000df400000)
  from space 10240K, 77% used [0x00000000dfe00000,0x00000000e05c9950,0x00000000e0800000)
  to   space 10240K, 0% used [0x00000000df400000,0x00000000df400000,0x00000000dfe00000)
 ParOldGen       total 58880K, used 11233K [0x0000000081800000, 0x0000000085180000, 0x00000000d5d80000)
  object space 58880K, 19% used [0x0000000081800000,0x00000000822f8428,0x0000000085180000)
 Metaspace       used 33244K, capacity 35466K, committed 35496K, reserved 1079296K
  class space    used 4437K, capacity 4857K, committed 4864K, reserved 1048576K
Event: 8.079 GC heap after
Heap after GC invocations=10 (full 2):
 PSYoungGen      total 164352K, used 0K [0x00000000d5d80000, 0x00000000e0e00000, 0x0000000100000000)
  eden space 154112K, 0% used [0x00000000d5d80000,0x00000000d5d80000,0x00000000df400000)
  from space 10240K, 0% used [0x00000000dfe00000,0x00000000dfe00000,0x00000000e0800000)
  to   space 10240K, 0% used [0x00000000df400000,0x00000000df400000,0x00000000dfe00000)
 ParOldGen       total 58880K, used 12406K [0x0000000081800000, 0x0000000085180000, 0x00000000d5d80000)
  object space 58880K, 21% used [0x0000000081800000,0x000000008241db48,0x0000000085180000)
 Metaspace       used 33244K, capacity 35466K, committed 35496K, reserved 1079296K
  class space    used 4437K, capacity 4857K, committed 4864K, reserved 1048576K
}

